Apr  6 16:27:19: access: connection for localhost from ::1 (Mozilla/5.0 (X11; Linux x86_64) AppleWebKit/537.36 (KHTML, like Gecko) Chrome/57.0.2987.133 Safari/537.36): 
Apr  6 16:27:19: access: connection for localhost from ::1 (Mozilla/5.0 (X11; Linux x86_64) AppleWebKit/537.36 (KHTML, like Gecko) Chrome/57.0.2987.133 Safari/537.36): css/h42n42.css
Apr  6 16:27:19: access: connection for localhost from ::1 (Mozilla/5.0 (X11; Linux x86_64) AppleWebKit/537.36 (KHTML, like Gecko) Chrome/57.0.2987.133 Safari/537.36): css/materialize.min.css
Apr  6 16:27:19: access: connection for localhost from ::1 (Mozilla/5.0 (X11; Linux x86_64) AppleWebKit/537.36 (KHTML, like Gecko) Chrome/57.0.2987.133 Safari/537.36): js/jquery.min.js
Apr  6 16:27:19: access: connection for localhost from ::1 (Mozilla/5.0 (X11; Linux x86_64) AppleWebKit/537.36 (KHTML, like Gecko) Chrome/57.0.2987.133 Safari/537.36): js/materialize.min.js
Apr  6 16:27:19: access: connection for localhost from ::1 (Mozilla/5.0 (X11; Linux x86_64) AppleWebKit/537.36 (KHTML, like Gecko) Chrome/57.0.2987.133 Safari/537.36): graffiti.js
Apr  6 16:27:19: access: connection for localhost from ::1 (Mozilla/5.0 (X11; Linux x86_64) AppleWebKit/537.36 (KHTML, like Gecko) Chrome/57.0.2987.133 Safari/537.36): images/wave.png
Apr  6 16:27:19: access: connection for localhost from ::1 (Mozilla/5.0 (X11; Linux x86_64) AppleWebKit/537.36 (KHTML, like Gecko) Chrome/57.0.2987.133 Safari/537.36): images/hospital.png
Apr  6 16:27:19: access: connection for localhost from ::1 (Mozilla/5.0 (X11; Linux x86_64) AppleWebKit/537.36 (KHTML, like Gecko) Chrome/57.0.2987.133 Safari/537.36): favicon.ico
Apr  6 16:27:19: access: connection for localhost from ::1 (Mozilla/5.0 (X11; Linux x86_64) AppleWebKit/537.36 (KHTML, like Gecko) Chrome/57.0.2987.133 Safari/537.36): favicon.ico
Apr  6 16:43:59: access: connection for localhost from ::1 (Mozilla/5.0 (X11; Linux x86_64) AppleWebKit/537.36 (KHTML, like Gecko) Chrome/57.0.2987.133 Safari/537.36): css/h42n42.css
Apr  6 16:43:59: access: connection for localhost from ::1 (Mozilla/5.0 (X11; Linux x86_64) AppleWebKit/537.36 (KHTML, like Gecko) Chrome/57.0.2987.133 Safari/537.36): css/materialize.min.css
Apr  6 16:44:02: access: connection for localhost from ::1 (Mozilla/5.0 (X11; Linux x86_64) AppleWebKit/537.36 (KHTML, like Gecko) Chrome/57.0.2987.133 Safari/537.36): 
Apr  6 16:44:02: access: connection for localhost from ::1 (Mozilla/5.0 (X11; Linux x86_64) AppleWebKit/537.36 (KHTML, like Gecko) Chrome/57.0.2987.133 Safari/537.36): css/h42n42.css
Apr  6 16:44:02: access: connection for localhost from ::1 (Mozilla/5.0 (X11; Linux x86_64) AppleWebKit/537.36 (KHTML, like Gecko) Chrome/57.0.2987.133 Safari/537.36): css/materialize.min.css
Apr  6 16:44:02: access: connection for localhost from ::1 (Mozilla/5.0 (X11; Linux x86_64) AppleWebKit/537.36 (KHTML, like Gecko) Chrome/57.0.2987.133 Safari/537.36): js/jquery.min.js
Apr  6 16:44:02: access: connection for localhost from ::1 (Mozilla/5.0 (X11; Linux x86_64) AppleWebKit/537.36 (KHTML, like Gecko) Chrome/57.0.2987.133 Safari/537.36): js/materialize.min.js
Apr  6 16:44:02: access: connection for localhost from ::1 (Mozilla/5.0 (X11; Linux x86_64) AppleWebKit/537.36 (KHTML, like Gecko) Chrome/57.0.2987.133 Safari/537.36): graffiti.js
Apr  6 16:44:03: access: connection for localhost from ::1 (Mozilla/5.0 (X11; Linux x86_64) AppleWebKit/537.36 (KHTML, like Gecko) Chrome/57.0.2987.133 Safari/537.36): images/wave.png
Apr  6 16:44:03: access: connection for localhost from ::1 (Mozilla/5.0 (X11; Linux x86_64) AppleWebKit/537.36 (KHTML, like Gecko) Chrome/57.0.2987.133 Safari/537.36): images/hospital.png
Apr  6 16:44:46: access: connection for localhost from ::1 (Mozilla/5.0 (X11; Linux x86_64) AppleWebKit/537.36 (KHTML, like Gecko) Chrome/57.0.2987.133 Safari/537.36): css/h42n42.css
Apr  6 16:48:35: access: connection for localhost from ::1 (Mozilla/5.0 (X11; Linux x86_64) AppleWebKit/537.36 (KHTML, like Gecko) Chrome/57.0.2987.133 Safari/537.36): 
Apr  6 16:48:35: access: connection for localhost from ::1 (Mozilla/5.0 (X11; Linux x86_64) AppleWebKit/537.36 (KHTML, like Gecko) Chrome/57.0.2987.133 Safari/537.36): css/h42n42.css
Apr  6 16:48:35: access: connection for localhost from ::1 (Mozilla/5.0 (X11; Linux x86_64) AppleWebKit/537.36 (KHTML, like Gecko) Chrome/57.0.2987.133 Safari/537.36): css/materialize.min.css
Apr  6 16:48:35: access: connection for localhost from ::1 (Mozilla/5.0 (X11; Linux x86_64) AppleWebKit/537.36 (KHTML, like Gecko) Chrome/57.0.2987.133 Safari/537.36): js/jquery.min.js
Apr  6 16:48:35: access: connection for localhost from ::1 (Mozilla/5.0 (X11; Linux x86_64) AppleWebKit/537.36 (KHTML, like Gecko) Chrome/57.0.2987.133 Safari/537.36): js/materialize.min.js
Apr  6 16:48:35: access: connection for localhost from ::1 (Mozilla/5.0 (X11; Linux x86_64) AppleWebKit/537.36 (KHTML, like Gecko) Chrome/57.0.2987.133 Safari/537.36): graffiti.js
Apr  6 16:48:35: access: connection for localhost from ::1 (Mozilla/5.0 (X11; Linux x86_64) AppleWebKit/537.36 (KHTML, like Gecko) Chrome/57.0.2987.133 Safari/537.36): images/wave.png
Apr  6 16:48:35: access: connection for localhost from ::1 (Mozilla/5.0 (X11; Linux x86_64) AppleWebKit/537.36 (KHTML, like Gecko) Chrome/57.0.2987.133 Safari/537.36): images/hospital.png
Apr  6 16:50:21: access: connection for localhost from ::1 (Mozilla/5.0 (X11; Linux x86_64) AppleWebKit/537.36 (KHTML, like Gecko) Chrome/57.0.2987.133 Safari/537.36): 
Apr  6 16:50:21: access: connection for localhost from ::1 (Mozilla/5.0 (X11; Linux x86_64) AppleWebKit/537.36 (KHTML, like Gecko) Chrome/57.0.2987.133 Safari/537.36): css/h42n42.css
Apr  6 16:50:21: access: connection for localhost from ::1 (Mozilla/5.0 (X11; Linux x86_64) AppleWebKit/537.36 (KHTML, like Gecko) Chrome/57.0.2987.133 Safari/537.36): css/materialize.min.css
Apr  6 16:50:21: access: connection for localhost from ::1 (Mozilla/5.0 (X11; Linux x86_64) AppleWebKit/537.36 (KHTML, like Gecko) Chrome/57.0.2987.133 Safari/537.36): js/jquery.min.js
Apr  6 16:50:21: access: connection for localhost from ::1 (Mozilla/5.0 (X11; Linux x86_64) AppleWebKit/537.36 (KHTML, like Gecko) Chrome/57.0.2987.133 Safari/537.36): js/materialize.min.js
Apr  6 16:50:21: access: connection for localhost from ::1 (Mozilla/5.0 (X11; Linux x86_64) AppleWebKit/537.36 (KHTML, like Gecko) Chrome/57.0.2987.133 Safari/537.36): graffiti.js
Apr  6 16:50:21: access: connection for localhost from ::1 (Mozilla/5.0 (X11; Linux x86_64) AppleWebKit/537.36 (KHTML, like Gecko) Chrome/57.0.2987.133 Safari/537.36): images/wave.png
Apr  6 16:50:21: access: connection for localhost from ::1 (Mozilla/5.0 (X11; Linux x86_64) AppleWebKit/537.36 (KHTML, like Gecko) Chrome/57.0.2987.133 Safari/537.36): images/hospital.png
Apr  6 16:50:31: access: connection for localhost from ::1 (Mozilla/5.0 (X11; Linux x86_64) AppleWebKit/537.36 (KHTML, like Gecko) Chrome/57.0.2987.133 Safari/537.36): images/bestiole_sane.png
Apr  6 16:50:31: access: connection for localhost from ::1 (Mozilla/5.0 (X11; Linux x86_64) AppleWebKit/537.36 (KHTML, like Gecko) Chrome/57.0.2987.133 Safari/537.36): images/bestiole_naughty.png
Apr  6 16:51:26: access: connection for localhost from ::1 (Mozilla/5.0 (X11; Linux x86_64) AppleWebKit/537.36 (KHTML, like Gecko) Chrome/57.0.2987.133 Safari/537.36): images/bestiole_ill.png
Apr  6 16:51:57: access: connection for localhost from ::1 (Mozilla/5.0 (X11; Linux x86_64) AppleWebKit/537.36 (KHTML, like Gecko) Chrome/57.0.2987.133 Safari/537.36): images/bestiole_beserk.png
Apr  6 16:52:32: access: connection for localhost from ::1 (Mozilla/5.0 (X11; Linux x86_64) AppleWebKit/537.36 (KHTML, like Gecko) Chrome/57.0.2987.133 Safari/537.36): 
Apr  6 16:52:32: access: connection for localhost from ::1 (Mozilla/5.0 (X11; Linux x86_64) AppleWebKit/537.36 (KHTML, like Gecko) Chrome/57.0.2987.133 Safari/537.36): css/h42n42.css
Apr  6 16:52:32: access: connection for localhost from ::1 (Mozilla/5.0 (X11; Linux x86_64) AppleWebKit/537.36 (KHTML, like Gecko) Chrome/57.0.2987.133 Safari/537.36): css/materialize.min.css
Apr  6 16:52:33: access: connection for localhost from ::1 (Mozilla/5.0 (X11; Linux x86_64) AppleWebKit/537.36 (KHTML, like Gecko) Chrome/57.0.2987.133 Safari/537.36): js/jquery.min.js
Apr  6 16:52:33: access: connection for localhost from ::1 (Mozilla/5.0 (X11; Linux x86_64) AppleWebKit/537.36 (KHTML, like Gecko) Chrome/57.0.2987.133 Safari/537.36): js/materialize.min.js
Apr  6 16:52:33: access: connection for localhost from ::1 (Mozilla/5.0 (X11; Linux x86_64) AppleWebKit/537.36 (KHTML, like Gecko) Chrome/57.0.2987.133 Safari/537.36): graffiti.js
Apr  6 16:52:33: access: connection for localhost from ::1 (Mozilla/5.0 (X11; Linux x86_64) AppleWebKit/537.36 (KHTML, like Gecko) Chrome/57.0.2987.133 Safari/537.36): images/wave.png
Apr  6 16:52:33: access: connection for localhost from ::1 (Mozilla/5.0 (X11; Linux x86_64) AppleWebKit/537.36 (KHTML, like Gecko) Chrome/57.0.2987.133 Safari/537.36): images/hospital.png
Apr  6 16:52:37: access: connection for localhost from ::1 (Mozilla/5.0 (X11; Linux x86_64) AppleWebKit/537.36 (KHTML, like Gecko) Chrome/57.0.2987.133 Safari/537.36): images/bestiole_sane.png
Apr  6 16:52:42: access: connection for localhost from ::1 (Mozilla/5.0 (X11; Linux x86_64) AppleWebKit/537.36 (KHTML, like Gecko) Chrome/57.0.2987.133 Safari/537.36): 
Apr  6 17:01:55: access: connection for localhost from ::1 (Mozilla/5.0 (X11; Linux x86_64) AppleWebKit/537.36 (KHTML, like Gecko) Chrome/57.0.2987.133 Safari/537.36): images/bestiole_sane.png
Apr  6 17:01:58: access: connection for localhost from ::1 (Mozilla/5.0 (X11; Linux x86_64) AppleWebKit/537.36 (KHTML, like Gecko) Chrome/57.0.2987.133 Safari/537.36): 
Apr  6 17:01:58: access: connection for localhost from ::1 (Mozilla/5.0 (X11; Linux x86_64) AppleWebKit/537.36 (KHTML, like Gecko) Chrome/57.0.2987.133 Safari/537.36): css/h42n42.css
Apr  6 17:01:58: access: connection for localhost from ::1 (Mozilla/5.0 (X11; Linux x86_64) AppleWebKit/537.36 (KHTML, like Gecko) Chrome/57.0.2987.133 Safari/537.36): css/materialize.min.css
Apr  6 17:01:58: access: connection for localhost from ::1 (Mozilla/5.0 (X11; Linux x86_64) AppleWebKit/537.36 (KHTML, like Gecko) Chrome/57.0.2987.133 Safari/537.36): js/jquery.min.js
Apr  6 17:01:58: access: connection for localhost from ::1 (Mozilla/5.0 (X11; Linux x86_64) AppleWebKit/537.36 (KHTML, like Gecko) Chrome/57.0.2987.133 Safari/537.36): js/materialize.min.js
Apr  6 17:01:58: access: connection for localhost from ::1 (Mozilla/5.0 (X11; Linux x86_64) AppleWebKit/537.36 (KHTML, like Gecko) Chrome/57.0.2987.133 Safari/537.36): graffiti.js
Apr  6 17:01:58: access: connection for localhost from ::1 (Mozilla/5.0 (X11; Linux x86_64) AppleWebKit/537.36 (KHTML, like Gecko) Chrome/57.0.2987.133 Safari/537.36): images/wave.png
Apr  6 17:01:58: access: connection for localhost from ::1 (Mozilla/5.0 (X11; Linux x86_64) AppleWebKit/537.36 (KHTML, like Gecko) Chrome/57.0.2987.133 Safari/537.36): images/hospital.png
Apr  6 17:22:04: access: connection for localhost from ::1 (Mozilla/5.0 (X11; Linux x86_64) AppleWebKit/537.36 (KHTML, like Gecko) Chrome/57.0.2987.133 Safari/537.36): 
Apr  6 17:22:04: access: connection for localhost from ::1 (Mozilla/5.0 (X11; Linux x86_64) AppleWebKit/537.36 (KHTML, like Gecko) Chrome/57.0.2987.133 Safari/537.36): css/h42n42.css
Apr  6 17:22:04: access: connection for localhost from ::1 (Mozilla/5.0 (X11; Linux x86_64) AppleWebKit/537.36 (KHTML, like Gecko) Chrome/57.0.2987.133 Safari/537.36): css/materialize.min.css
Apr  6 17:22:04: access: connection for localhost from ::1 (Mozilla/5.0 (X11; Linux x86_64) AppleWebKit/537.36 (KHTML, like Gecko) Chrome/57.0.2987.133 Safari/537.36): js/materialize.min.js
Apr  6 17:22:04: access: connection for localhost from ::1 (Mozilla/5.0 (X11; Linux x86_64) AppleWebKit/537.36 (KHTML, like Gecko) Chrome/57.0.2987.133 Safari/537.36): js/jquery.min.js
Apr  6 17:22:04: access: connection for localhost from ::1 (Mozilla/5.0 (X11; Linux x86_64) AppleWebKit/537.36 (KHTML, like Gecko) Chrome/57.0.2987.133 Safari/537.36): graffiti.js
Apr  6 17:22:04: access: connection for localhost from ::1 (Mozilla/5.0 (X11; Linux x86_64) AppleWebKit/537.36 (KHTML, like Gecko) Chrome/57.0.2987.133 Safari/537.36): images/wave.png
Apr  6 17:22:04: access: connection for localhost from ::1 (Mozilla/5.0 (X11; Linux x86_64) AppleWebKit/537.36 (KHTML, like Gecko) Chrome/57.0.2987.133 Safari/537.36): images/hospital.png
Apr  6 18:17:24: access: connection for localhost from ::1 (Mozilla/5.0 (X11; Linux x86_64) AppleWebKit/537.36 (KHTML, like Gecko) Chrome/57.0.2987.133 Safari/537.36): 
Apr  6 18:17:24: access: connection for localhost from ::1 (Mozilla/5.0 (X11; Linux x86_64) AppleWebKit/537.36 (KHTML, like Gecko) Chrome/57.0.2987.133 Safari/537.36): 
Apr  6 18:17:24: access: connection for localhost from ::1 (Mozilla/5.0 (X11; Linux x86_64) AppleWebKit/537.36 (KHTML, like Gecko) Chrome/57.0.2987.133 Safari/537.36): css/h42n42.css
Apr  6 18:17:24: access: connection for localhost from ::1 (Mozilla/5.0 (X11; Linux x86_64) AppleWebKit/537.36 (KHTML, like Gecko) Chrome/57.0.2987.133 Safari/537.36): css/materialize.min.css
Apr  6 18:17:24: access: connection for localhost from ::1 (Mozilla/5.0 (X11; Linux x86_64) AppleWebKit/537.36 (KHTML, like Gecko) Chrome/57.0.2987.133 Safari/537.36): js/jquery.min.js
Apr  6 18:17:24: access: connection for localhost from ::1 (Mozilla/5.0 (X11; Linux x86_64) AppleWebKit/537.36 (KHTML, like Gecko) Chrome/57.0.2987.133 Safari/537.36): js/materialize.min.js
Apr  6 18:17:24: access: connection for localhost from ::1 (Mozilla/5.0 (X11; Linux x86_64) AppleWebKit/537.36 (KHTML, like Gecko) Chrome/57.0.2987.133 Safari/537.36): graffiti.js
Apr  6 18:17:24: access: connection for localhost from ::1 (Mozilla/5.0 (X11; Linux x86_64) AppleWebKit/537.36 (KHTML, like Gecko) Chrome/57.0.2987.133 Safari/537.36): images/wave.png
Apr  6 18:17:24: access: connection for localhost from ::1 (Mozilla/5.0 (X11; Linux x86_64) AppleWebKit/537.36 (KHTML, like Gecko) Chrome/57.0.2987.133 Safari/537.36): images/hospital.png
Apr  6 18:17:32: access: connection for localhost from ::1 (Mozilla/5.0 (X11; Linux x86_64) AppleWebKit/537.36 (KHTML, like Gecko) Chrome/57.0.2987.133 Safari/537.36): images/bestiole_sane.png
Apr  6 18:17:33: access: connection for localhost from ::1 (Mozilla/5.0 (X11; Linux x86_64) AppleWebKit/537.36 (KHTML, like Gecko) Chrome/57.0.2987.133 Safari/537.36): images/bestiole_ill.png
Apr  6 18:18:02: access: connection for localhost from ::1 (Mozilla/5.0 (X11; Linux x86_64) AppleWebKit/537.36 (KHTML, like Gecko) Chrome/57.0.2987.133 Safari/537.36): 
Apr  6 18:18:02: access: connection for localhost from ::1 (Mozilla/5.0 (X11; Linux x86_64) AppleWebKit/537.36 (KHTML, like Gecko) Chrome/57.0.2987.133 Safari/537.36): graffiti.js
Apr  6 18:20:46: access: connection for localhost from ::1 (Mozilla/5.0 (X11; Linux x86_64) AppleWebKit/537.36 (KHTML, like Gecko) Chrome/57.0.2987.133 Safari/537.36): 
Apr  6 18:20:47: access: connection for localhost from ::1 (Mozilla/5.0 (X11; Linux x86_64) AppleWebKit/537.36 (KHTML, like Gecko) Chrome/57.0.2987.133 Safari/537.36): css/h42n42.css
Apr  6 18:20:47: access: connection for localhost from ::1 (Mozilla/5.0 (X11; Linux x86_64) AppleWebKit/537.36 (KHTML, like Gecko) Chrome/57.0.2987.133 Safari/537.36): css/materialize.min.css
Apr  6 18:20:47: access: connection for localhost from ::1 (Mozilla/5.0 (X11; Linux x86_64) AppleWebKit/537.36 (KHTML, like Gecko) Chrome/57.0.2987.133 Safari/537.36): js/jquery.min.js
Apr  6 18:20:47: access: connection for localhost from ::1 (Mozilla/5.0 (X11; Linux x86_64) AppleWebKit/537.36 (KHTML, like Gecko) Chrome/57.0.2987.133 Safari/537.36): js/materialize.min.js
Apr  6 18:20:47: access: connection for localhost from ::1 (Mozilla/5.0 (X11; Linux x86_64) AppleWebKit/537.36 (KHTML, like Gecko) Chrome/57.0.2987.133 Safari/537.36): graffiti.js
Apr  6 18:20:47: access: connection for localhost from ::1 (Mozilla/5.0 (X11; Linux x86_64) AppleWebKit/537.36 (KHTML, like Gecko) Chrome/57.0.2987.133 Safari/537.36): images/wave.png
Apr  6 18:20:47: access: connection for localhost from ::1 (Mozilla/5.0 (X11; Linux x86_64) AppleWebKit/537.36 (KHTML, like Gecko) Chrome/57.0.2987.133 Safari/537.36): images/hospital.png
Apr  6 18:20:52: access: connection for localhost from ::1 (Mozilla/5.0 (X11; Linux x86_64) AppleWebKit/537.36 (KHTML, like Gecko) Chrome/57.0.2987.133 Safari/537.36): images/bestiole_sane.png
Apr  6 18:20:54: access: connection for localhost from ::1 (Mozilla/5.0 (X11; Linux x86_64) AppleWebKit/537.36 (KHTML, like Gecko) Chrome/57.0.2987.133 Safari/537.36): images/bestiole_ill.png
Apr  6 18:21:10: access: connection for localhost from ::1 (Mozilla/5.0 (X11; Linux x86_64) AppleWebKit/537.36 (KHTML, like Gecko) Chrome/57.0.2987.133 Safari/537.36): images/bestiole_beserk.png
Apr  6 18:21:37: access: connection for localhost from ::1 (Mozilla/5.0 (X11; Linux x86_64) AppleWebKit/537.36 (KHTML, like Gecko) Chrome/57.0.2987.133 Safari/537.36): 
Apr  6 18:21:37: access: connection for localhost from ::1 (Mozilla/5.0 (X11; Linux x86_64) AppleWebKit/537.36 (KHTML, like Gecko) Chrome/57.0.2987.133 Safari/537.36): css/materialize.min.css
Apr  6 18:21:37: access: connection for localhost from ::1 (Mozilla/5.0 (X11; Linux x86_64) AppleWebKit/537.36 (KHTML, like Gecko) Chrome/57.0.2987.133 Safari/537.36): js/jquery.min.js
Apr  6 18:21:37: access: connection for localhost from ::1 (Mozilla/5.0 (X11; Linux x86_64) AppleWebKit/537.36 (KHTML, like Gecko) Chrome/57.0.2987.133 Safari/537.36): js/materialize.min.js
Apr  6 18:21:37: access: connection for localhost from ::1 (Mozilla/5.0 (X11; Linux x86_64) AppleWebKit/537.36 (KHTML, like Gecko) Chrome/57.0.2987.133 Safari/537.36): graffiti.js
Apr  6 18:21:37: access: connection for localhost from ::1 (Mozilla/5.0 (X11; Linux x86_64) AppleWebKit/537.36 (KHTML, like Gecko) Chrome/57.0.2987.133 Safari/537.36): css/h42n42.css
Apr  6 18:21:37: access: connection for localhost from ::1 (Mozilla/5.0 (X11; Linux x86_64) AppleWebKit/537.36 (KHTML, like Gecko) Chrome/57.0.2987.133 Safari/537.36): images/wave.png
Apr  6 18:21:37: access: connection for localhost from ::1 (Mozilla/5.0 (X11; Linux x86_64) AppleWebKit/537.36 (KHTML, like Gecko) Chrome/57.0.2987.133 Safari/537.36): images/hospital.png
Apr  6 18:21:40: access: connection for localhost from ::1 (Mozilla/5.0 (X11; Linux x86_64) AppleWebKit/537.36 (KHTML, like Gecko) Chrome/57.0.2987.133 Safari/537.36): images/bestiole_sane.png
Apr  6 18:21:44: access: connection for localhost from ::1 (Mozilla/5.0 (X11; Linux x86_64) AppleWebKit/537.36 (KHTML, like Gecko) Chrome/57.0.2987.133 Safari/537.36): images/bestiole_ill.png
Apr  6 18:22:13: access: connection for localhost from ::1 (Mozilla/5.0 (X11; Linux x86_64) AppleWebKit/537.36 (KHTML, like Gecko) Chrome/57.0.2987.133 Safari/537.36): 
Apr  6 18:22:13: access: connection for localhost from ::1 (Mozilla/5.0 (X11; Linux x86_64) AppleWebKit/537.36 (KHTML, like Gecko) Chrome/57.0.2987.133 Safari/537.36): css/materialize.min.css
Apr  6 18:22:13: access: connection for localhost from ::1 (Mozilla/5.0 (X11; Linux x86_64) AppleWebKit/537.36 (KHTML, like Gecko) Chrome/57.0.2987.133 Safari/537.36): css/h42n42.css
Apr  6 18:22:13: access: connection for localhost from ::1 (Mozilla/5.0 (X11; Linux x86_64) AppleWebKit/537.36 (KHTML, like Gecko) Chrome/57.0.2987.133 Safari/537.36): js/jquery.min.js
Apr  6 18:22:13: access: connection for localhost from ::1 (Mozilla/5.0 (X11; Linux x86_64) AppleWebKit/537.36 (KHTML, like Gecko) Chrome/57.0.2987.133 Safari/537.36): js/materialize.min.js
Apr  6 18:22:13: access: connection for localhost from ::1 (Mozilla/5.0 (X11; Linux x86_64) AppleWebKit/537.36 (KHTML, like Gecko) Chrome/57.0.2987.133 Safari/537.36): graffiti.js
Apr  6 18:22:13: access: connection for localhost from ::1 (Mozilla/5.0 (X11; Linux x86_64) AppleWebKit/537.36 (KHTML, like Gecko) Chrome/57.0.2987.133 Safari/537.36): images/wave.png
Apr  6 18:22:13: access: connection for localhost from ::1 (Mozilla/5.0 (X11; Linux x86_64) AppleWebKit/537.36 (KHTML, like Gecko) Chrome/57.0.2987.133 Safari/537.36): images/hospital.png
Apr  6 18:35:18: access: connection for localhost from ::1 (Mozilla/5.0 (X11; Linux x86_64) AppleWebKit/537.36 (KHTML, like Gecko) Chrome/57.0.2987.133 Safari/537.36): 
Apr  6 18:35:18: access: connection for localhost from ::1 (Mozilla/5.0 (X11; Linux x86_64) AppleWebKit/537.36 (KHTML, like Gecko) Chrome/57.0.2987.133 Safari/537.36): css/h42n42.css
Apr  6 18:35:18: access: connection for localhost from ::1 (Mozilla/5.0 (X11; Linux x86_64) AppleWebKit/537.36 (KHTML, like Gecko) Chrome/57.0.2987.133 Safari/537.36): css/materialize.min.css
Apr  6 18:35:18: access: connection for localhost from ::1 (Mozilla/5.0 (X11; Linux x86_64) AppleWebKit/537.36 (KHTML, like Gecko) Chrome/57.0.2987.133 Safari/537.36): js/jquery.min.js
Apr  6 18:35:18: access: connection for localhost from ::1 (Mozilla/5.0 (X11; Linux x86_64) AppleWebKit/537.36 (KHTML, like Gecko) Chrome/57.0.2987.133 Safari/537.36): js/materialize.min.js
Apr  6 18:35:18: access: connection for localhost from ::1 (Mozilla/5.0 (X11; Linux x86_64) AppleWebKit/537.36 (KHTML, like Gecko) Chrome/57.0.2987.133 Safari/537.36): graffiti.js
Apr  6 18:35:18: access: connection for localhost from ::1 (Mozilla/5.0 (X11; Linux x86_64) AppleWebKit/537.36 (KHTML, like Gecko) Chrome/57.0.2987.133 Safari/537.36): images/wave.png
Apr  6 18:35:18: access: connection for localhost from ::1 (Mozilla/5.0 (X11; Linux x86_64) AppleWebKit/537.36 (KHTML, like Gecko) Chrome/57.0.2987.133 Safari/537.36): images/hospital.png
Apr  6 18:35:24: access: connection for localhost from ::1 (Mozilla/5.0 (X11; Linux x86_64) AppleWebKit/537.36 (KHTML, like Gecko) Chrome/57.0.2987.133 Safari/537.36): images/bestiole_sane.png
Apr  6 18:35:54: access: connection for localhost from ::1 (Mozilla/5.0 (X11; Linux x86_64) AppleWebKit/537.36 (KHTML, like Gecko) Chrome/57.0.2987.133 Safari/537.36): images/bestiole_ill.png
Apr  6 18:36:01: access: connection for localhost from ::1 (Mozilla/5.0 (X11; Linux x86_64) AppleWebKit/537.36 (KHTML, like Gecko) Chrome/57.0.2987.133 Safari/537.36): images/bestiole_beserk.png
Apr  6 18:41:14: access: connection for localhost from ::1 (Mozilla/5.0 (X11; Linux x86_64) AppleWebKit/537.36 (KHTML, like Gecko) Chrome/57.0.2987.133 Safari/537.36): 
Apr  6 18:41:14: access: connection for localhost from ::1 (Mozilla/5.0 (X11; Linux x86_64) AppleWebKit/537.36 (KHTML, like Gecko) Chrome/57.0.2987.133 Safari/537.36): css/h42n42.css
Apr  6 18:41:14: access: connection for localhost from ::1 (Mozilla/5.0 (X11; Linux x86_64) AppleWebKit/537.36 (KHTML, like Gecko) Chrome/57.0.2987.133 Safari/537.36): js/jquery.min.js
Apr  6 18:41:14: access: connection for localhost from ::1 (Mozilla/5.0 (X11; Linux x86_64) AppleWebKit/537.36 (KHTML, like Gecko) Chrome/57.0.2987.133 Safari/537.36): css/materialize.min.css
Apr  6 18:41:14: access: connection for localhost from ::1 (Mozilla/5.0 (X11; Linux x86_64) AppleWebKit/537.36 (KHTML, like Gecko) Chrome/57.0.2987.133 Safari/537.36): js/materialize.min.js
Apr  6 18:41:14: access: connection for localhost from ::1 (Mozilla/5.0 (X11; Linux x86_64) AppleWebKit/537.36 (KHTML, like Gecko) Chrome/57.0.2987.133 Safari/537.36): js/setvals.js
Apr  6 18:41:14: access: connection for localhost from ::1 (Mozilla/5.0 (X11; Linux x86_64) AppleWebKit/537.36 (KHTML, like Gecko) Chrome/57.0.2987.133 Safari/537.36): graffiti.js
Apr  6 18:41:14: access: connection for localhost from ::1 (Mozilla/5.0 (X11; Linux x86_64) AppleWebKit/537.36 (KHTML, like Gecko) Chrome/57.0.2987.133 Safari/537.36): images/wave.png
Apr  6 18:41:14: access: connection for localhost from ::1 (Mozilla/5.0 (X11; Linux x86_64) AppleWebKit/537.36 (KHTML, like Gecko) Chrome/57.0.2987.133 Safari/537.36): images/hospital.png
Apr  6 18:42:54: access: connection for localhost from ::1 (Mozilla/5.0 (X11; Linux x86_64) AppleWebKit/537.36 (KHTML, like Gecko) Chrome/57.0.2987.133 Safari/537.36): 
Apr  6 18:42:54: access: connection for localhost from ::1 (Mozilla/5.0 (X11; Linux x86_64) AppleWebKit/537.36 (KHTML, like Gecko) Chrome/57.0.2987.133 Safari/537.36): css/h42n42.css
Apr  6 18:42:54: access: connection for localhost from ::1 (Mozilla/5.0 (X11; Linux x86_64) AppleWebKit/537.36 (KHTML, like Gecko) Chrome/57.0.2987.133 Safari/537.36): css/materialize.min.css
Apr  6 18:42:54: access: connection for localhost from ::1 (Mozilla/5.0 (X11; Linux x86_64) AppleWebKit/537.36 (KHTML, like Gecko) Chrome/57.0.2987.133 Safari/537.36): js/jquery.min.js
Apr  6 18:42:54: access: connection for localhost from ::1 (Mozilla/5.0 (X11; Linux x86_64) AppleWebKit/537.36 (KHTML, like Gecko) Chrome/57.0.2987.133 Safari/537.36): js/materialize.min.js
Apr  6 18:42:54: access: connection for localhost from ::1 (Mozilla/5.0 (X11; Linux x86_64) AppleWebKit/537.36 (KHTML, like Gecko) Chrome/57.0.2987.133 Safari/537.36): js/setvals.js
Apr  6 18:42:54: access: connection for localhost from ::1 (Mozilla/5.0 (X11; Linux x86_64) AppleWebKit/537.36 (KHTML, like Gecko) Chrome/57.0.2987.133 Safari/537.36): graffiti.js
Apr  6 18:42:54: access: connection for localhost from ::1 (Mozilla/5.0 (X11; Linux x86_64) AppleWebKit/537.36 (KHTML, like Gecko) Chrome/57.0.2987.133 Safari/537.36): images/wave.png
Apr  6 18:42:54: access: connection for localhost from ::1 (Mozilla/5.0 (X11; Linux x86_64) AppleWebKit/537.36 (KHTML, like Gecko) Chrome/57.0.2987.133 Safari/537.36): images/hospital.png
Apr  6 18:43:21: access: connection for localhost from ::1 (Mozilla/5.0 (X11; Linux x86_64) AppleWebKit/537.36 (KHTML, like Gecko) Chrome/57.0.2987.133 Safari/537.36): 
Apr  6 18:43:21: access: connection for localhost from ::1 (Mozilla/5.0 (X11; Linux x86_64) AppleWebKit/537.36 (KHTML, like Gecko) Chrome/57.0.2987.133 Safari/537.36): css/h42n42.css
Apr  6 18:43:21: access: connection for localhost from ::1 (Mozilla/5.0 (X11; Linux x86_64) AppleWebKit/537.36 (KHTML, like Gecko) Chrome/57.0.2987.133 Safari/537.36): css/materialize.min.css
Apr  6 18:43:21: access: connection for localhost from ::1 (Mozilla/5.0 (X11; Linux x86_64) AppleWebKit/537.36 (KHTML, like Gecko) Chrome/57.0.2987.133 Safari/537.36): js/materialize.min.js
Apr  6 18:43:21: access: connection for localhost from ::1 (Mozilla/5.0 (X11; Linux x86_64) AppleWebKit/537.36 (KHTML, like Gecko) Chrome/57.0.2987.133 Safari/537.36): js/setvals.js
Apr  6 18:43:21: access: connection for localhost from ::1 (Mozilla/5.0 (X11; Linux x86_64) AppleWebKit/537.36 (KHTML, like Gecko) Chrome/57.0.2987.133 Safari/537.36): js/jquery.min.js
Apr  6 18:43:21: access: connection for localhost from ::1 (Mozilla/5.0 (X11; Linux x86_64) AppleWebKit/537.36 (KHTML, like Gecko) Chrome/57.0.2987.133 Safari/537.36): graffiti.js
Apr  6 18:43:21: access: connection for localhost from ::1 (Mozilla/5.0 (X11; Linux x86_64) AppleWebKit/537.36 (KHTML, like Gecko) Chrome/57.0.2987.133 Safari/537.36): images/wave.png
Apr  6 18:43:21: access: connection for localhost from ::1 (Mozilla/5.0 (X11; Linux x86_64) AppleWebKit/537.36 (KHTML, like Gecko) Chrome/57.0.2987.133 Safari/537.36): images/hospital.png
Apr  6 18:43:24: access: connection for localhost from ::1 (Mozilla/5.0 (X11; Linux x86_64) AppleWebKit/537.36 (KHTML, like Gecko) Chrome/57.0.2987.133 Safari/537.36): images/bestiole_sane.png
Apr  6 18:43:25: access: connection for localhost from ::1 (Mozilla/5.0 (X11; Linux x86_64) AppleWebKit/537.36 (KHTML, like Gecko) Chrome/57.0.2987.133 Safari/537.36): images/bestiole_ill.png
Apr  6 18:43:36: access: connection for localhost from ::1 (Mozilla/5.0 (X11; Linux x86_64) AppleWebKit/537.36 (KHTML, like Gecko) Chrome/57.0.2987.133 Safari/537.36): 
Apr  6 18:43:36: access: connection for localhost from ::1 (Mozilla/5.0 (X11; Linux x86_64) AppleWebKit/537.36 (KHTML, like Gecko) Chrome/57.0.2987.133 Safari/537.36): js/setvals.js
Apr  6 18:43:36: access: connection for localhost from ::1 (Mozilla/5.0 (X11; Linux x86_64) AppleWebKit/537.36 (KHTML, like Gecko) Chrome/57.0.2987.133 Safari/537.36): graffiti.js
Apr  6 18:43:56: access: connection for localhost from ::1 (Mozilla/5.0 (X11; Linux x86_64) AppleWebKit/537.36 (KHTML, like Gecko) Chrome/57.0.2987.133 Safari/537.36): images/bestiole_naughty.png
Apr  6 18:44:24: access: connection for localhost from ::1 (Mozilla/5.0 (X11; Linux x86_64) AppleWebKit/537.36 (KHTML, like Gecko) Chrome/57.0.2987.133 Safari/537.36): images/bestiole_beserk.png
Apr  6 18:44:49: access: connection for localhost from ::1 (Mozilla/5.0 (X11; Linux x86_64) AppleWebKit/537.36 (KHTML, like Gecko) Chrome/57.0.2987.133 Safari/537.36): 
Apr  6 18:44:49: access: connection for localhost from ::1 (Mozilla/5.0 (X11; Linux x86_64) AppleWebKit/537.36 (KHTML, like Gecko) Chrome/57.0.2987.133 Safari/537.36): js/setvals.js
Apr  6 18:44:49: access: connection for localhost from ::1 (Mozilla/5.0 (X11; Linux x86_64) AppleWebKit/537.36 (KHTML, like Gecko) Chrome/57.0.2987.133 Safari/537.36): graffiti.js
Apr  6 18:46:17: access: connection for localhost from ::1 (Mozilla/5.0 (X11; Linux x86_64) AppleWebKit/537.36 (KHTML, like Gecko) Chrome/57.0.2987.133 Safari/537.36): 
Apr  6 18:46:17: access: connection for localhost from ::1 (Mozilla/5.0 (X11; Linux x86_64) AppleWebKit/537.36 (KHTML, like Gecko) Chrome/57.0.2987.133 Safari/537.36): js/setvals.js
Apr  6 18:46:17: access: connection for localhost from ::1 (Mozilla/5.0 (X11; Linux x86_64) AppleWebKit/537.36 (KHTML, like Gecko) Chrome/57.0.2987.133 Safari/537.36): graffiti.js
